[2023-06-30 15:14:26,842] [INFO ] org.springframework.boot.test.context.SpringBootTestContextBootstrapper - Neither @ContextConfiguration nor @ContextHierarchy found for test class [com.example.sbprojectex.MemberServiceTest], using SpringBootContextLoader
[2023-06-30 15:14:26,866] [INFO ] org.springframework.test.context.support.AbstractContextLoader - Could not detect default resource locations for test class [com.example.sbprojectex.MemberServiceTest]: no resource found for suffixes {-context.xml, Context.groovy}.
[2023-06-30 15:14:26,868] [INFO ] org.springframework.test.context.support.AnnotationConfigContextLoaderUtils - Could not detect default configuration classes for test class [com.example.sbprojectex.MemberServiceTest]: MemberServiceTest does not declare any static, non-private, non-final, nested classes annotated with @Configuration.
[2023-06-30 15:14:27,020] [INFO ] org.springframework.boot.test.context.SpringBootTestContextBootstrapper - Found @SpringBootConfiguration com.example.sbprojectex.SbprojectexApplication for test class com.example.sbprojectex.MemberServiceTest
[2023-06-30 15:14:27,162] [INFO ] org.springframework.boot.test.context.SpringBootTestContextBootstrapper - Loaded default TestExecutionListener class names from location [META-INF/spring.factories]: [org.springframework.boot.test.autoconfigure.restdocs.RestDocsTestExecutionListener, org.springframework.boot.test.autoconfigure.web.client.MockRestServiceServerResetTestExecutionListener, org.springframework.boot.test.autoconfigure.web.servlet.MockMvcPrintOnlyOnFailureTestExecutionListener, org.springframework.boot.test.autoconfigure.web.servlet.WebDriverTestExecutionListener, org.springframework.boot.test.autoconfigure.webservices.client.MockWebServiceServerTestExecutionListener, org.springframework.boot.test.mock.mockito.MockitoTestExecutionListener, org.springframework.boot.test.mock.mockito.ResetMocksTestExecutionListener, org.springframework.test.context.web.ServletTestExecutionListener, org.springframework.test.context.support.DirtiesContextBeforeModesTestExecutionListener, org.springframework.test.context.event.ApplicationEventsTestExecutionListener, org.springframework.test.context.support.DependencyInjectionTestExecutionListener, org.springframework.test.context.support.DirtiesContextTestExecutionListener, org.springframework.test.context.transaction.TransactionalTestExecutionListener, org.springframework.test.context.jdbc.SqlScriptsTestExecutionListener, org.springframework.test.context.event.EventPublishingTestExecutionListener]
[2023-06-30 15:14:27,192] [INFO ] org.springframework.boot.test.context.SpringBootTestContextBootstrapper - Using TestExecutionListeners: [org.springframework.test.context.web.ServletTestExecutionListener@411291e5, org.springframework.test.context.support.DirtiesContextBeforeModesTestExecutionListener@6e28bb87, org.springframework.test.context.event.ApplicationEventsTestExecutionListener@19f040ba, org.springframework.boot.test.mock.mockito.MockitoTestExecutionListener@72ab05ed, org.springframework.boot.test.autoconfigure.SpringBootDependencyInjectionTestExecutionListener@27e32fe4, org.springframework.test.context.support.DirtiesContextTestExecutionListener@c3c4c1c, org.springframework.test.context.transaction.TransactionalTestExecutionListener@17d238b1, org.springframework.test.context.jdbc.SqlScriptsTestExecutionListener@3d7cc3cb, org.springframework.test.context.event.EventPublishingTestExecutionListener@35e478f, org.springframework.boot.test.autoconfigure.restdocs.RestDocsTestExecutionListener@6d6cb754, org.springframework.boot.test.autoconfigure.web.client.MockRestServiceServerResetTestExecutionListener@6b7d1df8, org.springframework.boot.test.autoconfigure.web.servlet.MockMvcPrintOnlyOnFailureTestExecutionListener@3044e9c7, org.springframework.boot.test.autoconfigure.web.servlet.WebDriverTestExecutionListener@41d7b27f, org.springframework.boot.test.autoconfigure.webservices.client.MockWebServiceServerTestExecutionListener@49096b06, org.springframework.boot.test.mock.mockito.ResetMocksTestExecutionListener@4a183d02]
[2023-06-30 15:14:27,587] [INFO ] org.hibernate.validator.internal.util.Version - HV000001: Hibernate Validator 6.2.5.Final
[2023-06-30 15:14:28,776] [INFO ] org.springframework.data.repository.config.RepositoryConfigurationDelegate - Bootstrapping Spring Data JPA repositories in DEFAULT mode.
[2023-06-30 15:14:28,860] [INFO ] org.springframework.data.repository.config.RepositoryConfigurationDelegate - Finished Spring Data repository scanning in 72 ms. Found 1 JPA repository interfaces.
[2023-06-30 15:14:29,769] [INFO ] org.hibernate.jpa.internal.util.LogHelper - HHH000204: Processing PersistenceUnitInfo [name: default]
[2023-06-30 15:14:29,923] [INFO ] org.hibernate.Version - HHH000412: Hibernate ORM core version 5.6.15.Final
[2023-06-30 15:14:30,452] [INFO ] org.hibernate.annotations.common.Version - HCANN000001: Hibernate Commons Annotations {5.1.2.Final}
[2023-06-30 15:14:31,645] [INFO ] org.hibernate.dialect.Dialect - HHH000400: Using dialect: org.hibernate.dialect.H2Dialect
[2023-06-30 15:14:32,638] [INFO ] org.hibernate.engine.transaction.jta.platform.internal.JtaPlatformInitiator - HHH000490: Using JtaPlatform implementation: [org.hibernate.engine.transaction.jta.platform.internal.NoJtaPlatform]
[2023-06-30 15:14:32,651] [INFO ] org.springframework.orm.jpa.LocalContainerEntityManagerFactoryBean - Initialized JPA EntityManagerFactory for persistence unit 'default'
[2023-06-30 15:14:34,204] [INFO ] org.springframework.boot.autoconfigure.h2.H2ConsoleAutoConfiguration - H2 console available at '/h2'. Database available at 'jdbc:h2:~/test'
[2023-06-30 15:14:34,230] [INFO ] org.springframework.boot.autoconfigure.web.servlet.WelcomePageHandlerMapping - Adding welcome page template: index
[2023-06-30 15:14:35,326] [INFO ] org.springframework.orm.jpa.LocalContainerEntityManagerFactoryBean - Closing JPA EntityManagerFactory for persistence unit 'default'
[2023-06-30 15:17:32,477] [INFO ] org.hibernate.validator.internal.util.Version - HV000001: Hibernate Validator 6.2.5.Final
[2023-06-30 15:17:32,612] [INFO ] org.springframework.boot.devtools.env.DevToolsPropertyDefaultsPostProcessor - Devtools property defaults active! Set 'spring.devtools.add-properties' to 'false' to disable
[2023-06-30 15:17:32,613] [INFO ] org.springframework.boot.devtools.env.DevToolsPropertyDefaultsPostProcessor - For additional web related logging consider setting the 'logging.level.web' property to 'DEBUG'
[2023-06-30 15:17:33,738] [INFO ] org.springframework.data.repository.config.RepositoryConfigurationDelegate - Bootstrapping Spring Data JPA repositories in DEFAULT mode.
[2023-06-30 15:17:33,814] [INFO ] org.springframework.data.repository.config.RepositoryConfigurationDelegate - Finished Spring Data repository scanning in 60 ms. Found 1 JPA repository interfaces.
[2023-06-30 15:17:34,876] [INFO ] org.springframework.boot.web.embedded.tomcat.TomcatWebServer - Tomcat initialized with port(s): 8080 (http)
[2023-06-30 15:17:35,023] [INFO ] org.springframework.boot.web.servlet.context.ServletWebServerApplicationContext - Root WebApplicationContext: initialization completed in 2408 ms
[2023-06-30 15:17:35,476] [INFO ] org.springframework.boot.autoconfigure.h2.H2ConsoleAutoConfiguration - H2 console available at '/h2'. Database available at 'jdbc:h2:~/test'
[2023-06-30 15:17:35,739] [INFO ] org.hibernate.jpa.internal.util.LogHelper - HHH000204: Processing PersistenceUnitInfo [name: default]
[2023-06-30 15:17:35,825] [INFO ] org.hibernate.Version - HHH000412: Hibernate ORM core version 5.6.15.Final
[2023-06-30 15:17:36,087] [INFO ] org.hibernate.annotations.common.Version - HCANN000001: Hibernate Commons Annotations {5.1.2.Final}
[2023-06-30 15:17:36,259] [INFO ] org.hibernate.dialect.Dialect - HHH000400: Using dialect: org.hibernate.dialect.H2Dialect
[2023-06-30 15:17:36,932] [INFO ] org.hibernate.engine.transaction.jta.platform.internal.JtaPlatformInitiator - HHH000490: Using JtaPlatform implementation: [org.hibernate.engine.transaction.jta.platform.internal.NoJtaPlatform]
[2023-06-30 15:17:36,947] [INFO ] org.springframework.orm.jpa.LocalContainerEntityManagerFactoryBean - Initialized JPA EntityManagerFactory for persistence unit 'default'
[2023-06-30 15:17:37,713] [INFO ] org.springframework.boot.autoconfigure.web.servlet.WelcomePageHandlerMapping - Adding welcome page template: index
[2023-06-30 15:17:38,061] [INFO ] org.springframework.boot.devtools.autoconfigure.OptionalLiveReloadServer - LiveReload server is running on port 35729
[2023-06-30 15:17:38,117] [INFO ] org.springframework.boot.web.embedded.tomcat.TomcatWebServer - Tomcat started on port(s): 8080 (http) with context path ''
[2023-06-30 15:19:04,462] [INFO ] org.springframework.web.servlet.DispatcherServlet - Initializing Servlet 'dispatcherServlet'
[2023-06-30 15:19:04,465] [INFO ] org.springframework.web.servlet.DispatcherServlet - Completed initialization in 3 ms
[2023-06-30 15:20:09,621] [INFO ] org.springframework.boot.devtools.autoconfigure.LocalDevToolsAutoConfiguration$RestartingClassPathChangeChangedEventListener - Restarting due to 1 class path change (0 additions, 0 deletions, 1 modification)
[2023-06-30 15:20:09,806] [INFO ] org.springframework.orm.jpa.LocalContainerEntityManagerFactoryBean - Closing JPA EntityManagerFactory for persistence unit 'default'
[2023-06-30 15:20:10,830] [INFO ] org.springframework.data.repository.config.RepositoryConfigurationDelegate - Bootstrapping Spring Data JPA repositories in DEFAULT mode.
[2023-06-30 15:20:10,871] [INFO ] org.springframework.data.repository.config.RepositoryConfigurationDelegate - Finished Spring Data repository scanning in 39 ms. Found 1 JPA repository interfaces.
[2023-06-30 15:20:11,078] [INFO ] org.springframework.boot.web.embedded.tomcat.TomcatWebServer - Tomcat initialized with port(s): 8080 (http)
[2023-06-30 15:20:11,129] [INFO ] org.springframework.boot.web.servlet.context.ServletWebServerApplicationContext - Root WebApplicationContext: initialization completed in 866 ms
[2023-06-30 15:20:11,181] [INFO ] org.springframework.boot.autoconfigure.h2.H2ConsoleAutoConfiguration - H2 console available at '/h2'. Database available at 'jdbc:h2:~/test'
[2023-06-30 15:20:11,247] [INFO ] org.hibernate.jpa.internal.util.LogHelper - HHH000204: Processing PersistenceUnitInfo [name: default]
[2023-06-30 15:20:11,266] [INFO ] org.hibernate.dialect.Dialect - HHH000400: Using dialect: org.hibernate.dialect.H2Dialect
[2023-06-30 15:20:11,332] [INFO ] org.hibernate.engine.transaction.jta.platform.internal.JtaPlatformInitiator - HHH000490: Using JtaPlatform implementation: [org.hibernate.engine.transaction.jta.platform.internal.NoJtaPlatform]
[2023-06-30 15:20:11,335] [INFO ] org.springframework.orm.jpa.LocalContainerEntityManagerFactoryBean - Initialized JPA EntityManagerFactory for persistence unit 'default'
[2023-06-30 15:20:11,564] [INFO ] org.springframework.boot.autoconfigure.web.servlet.WelcomePageHandlerMapping - Adding welcome page template: index
[2023-06-30 15:20:11,660] [INFO ] org.springframework.boot.devtools.autoconfigure.OptionalLiveReloadServer - LiveReload server is running on port 35729
[2023-06-30 15:20:11,673] [INFO ] org.springframework.boot.web.embedded.tomcat.TomcatWebServer - Tomcat started on port(s): 8080 (http) with context path ''
[2023-06-30 15:20:11,683] [INFO ] org.springframework.boot.devtools.autoconfigure.ConditionEvaluationDeltaLoggingListener - Condition evaluation unchanged
[2023-06-30 15:23:24,712] [INFO ] org.springframework.boot.test.context.SpringBootTestContextBootstrapper - Neither @ContextConfiguration nor @ContextHierarchy found for test class [com.example.sbprojectex.MemberServiceTest], using SpringBootContextLoader
[2023-06-30 15:23:24,721] [INFO ] org.springframework.test.context.support.AbstractContextLoader - Could not detect default resource locations for test class [com.example.sbprojectex.MemberServiceTest]: no resource found for suffixes {-context.xml, Context.groovy}.
[2023-06-30 15:23:24,722] [INFO ] org.springframework.test.context.support.AnnotationConfigContextLoaderUtils - Could not detect default configuration classes for test class [com.example.sbprojectex.MemberServiceTest]: MemberServiceTest does not declare any static, non-private, non-final, nested classes annotated with @Configuration.
[2023-06-30 15:23:24,853] [INFO ] org.springframework.boot.test.context.SpringBootTestContextBootstrapper - Found @SpringBootConfiguration com.example.sbprojectex.SbprojectexApplication for test class com.example.sbprojectex.MemberServiceTest
[2023-06-30 15:23:24,965] [INFO ] org.springframework.boot.test.context.SpringBootTestContextBootstrapper - Loaded default TestExecutionListener class names from location [META-INF/spring.factories]: [org.springframework.boot.test.autoconfigure.restdocs.RestDocsTestExecutionListener, org.springframework.boot.test.autoconfigure.web.client.MockRestServiceServerResetTestExecutionListener, org.springframework.boot.test.autoconfigure.web.servlet.MockMvcPrintOnlyOnFailureTestExecutionListener, org.springframework.boot.test.autoconfigure.web.servlet.WebDriverTestExecutionListener, org.springframework.boot.test.autoconfigure.webservices.client.MockWebServiceServerTestExecutionListener, org.springframework.boot.test.mock.mockito.MockitoTestExecutionListener, org.springframework.boot.test.mock.mockito.ResetMocksTestExecutionListener, org.springframework.test.context.web.ServletTestExecutionListener, org.springframework.test.context.support.DirtiesContextBeforeModesTestExecutionListener, org.springframework.test.context.event.ApplicationEventsTestExecutionListener, org.springframework.test.context.support.DependencyInjectionTestExecutionListener, org.springframework.test.context.support.DirtiesContextTestExecutionListener, org.springframework.test.context.transaction.TransactionalTestExecutionListener, org.springframework.test.context.jdbc.SqlScriptsTestExecutionListener, org.springframework.test.context.event.EventPublishingTestExecutionListener]
[2023-06-30 15:23:24,991] [INFO ] org.springframework.boot.test.context.SpringBootTestContextBootstrapper - Using TestExecutionListeners: [org.springframework.test.context.web.ServletTestExecutionListener@e93f3d5, org.springframework.test.context.support.DirtiesContextBeforeModesTestExecutionListener@4cee7fa0, org.springframework.test.context.event.ApplicationEventsTestExecutionListener@7a26928a, org.springframework.boot.test.mock.mockito.MockitoTestExecutionListener@601cbd8c, org.springframework.boot.test.autoconfigure.SpringBootDependencyInjectionTestExecutionListener@7180e701, org.springframework.test.context.support.DirtiesContextTestExecutionListener@4e2c95ee, org.springframework.test.context.transaction.TransactionalTestExecutionListener@d0ec63, org.springframework.test.context.jdbc.SqlScriptsTestExecutionListener@5a5c128, org.springframework.test.context.event.EventPublishingTestExecutionListener@73eb8672, org.springframework.boot.test.autoconfigure.restdocs.RestDocsTestExecutionListener@5942ee04, org.springframework.boot.test.autoconfigure.web.client.MockRestServiceServerResetTestExecutionListener@5e76a2bb, org.springframework.boot.test.autoconfigure.web.servlet.MockMvcPrintOnlyOnFailureTestExecutionListener@757194dc, org.springframework.boot.test.autoconfigure.web.servlet.WebDriverTestExecutionListener@5a865416, org.springframework.boot.test.autoconfigure.webservices.client.MockWebServiceServerTestExecutionListener@14faa38c, org.springframework.boot.test.mock.mockito.ResetMocksTestExecutionListener@7ff2b8d2]
[2023-06-30 15:23:25,344] [INFO ] org.hibernate.validator.internal.util.Version - HV000001: Hibernate Validator 6.2.5.Final
[2023-06-30 15:23:26,385] [INFO ] org.springframework.data.repository.config.RepositoryConfigurationDelegate - Bootstrapping Spring Data JPA repositories in DEFAULT mode.
[2023-06-30 15:23:26,457] [INFO ] org.springframework.data.repository.config.RepositoryConfigurationDelegate - Finished Spring Data repository scanning in 63 ms. Found 1 JPA repository interfaces.
[2023-06-30 15:23:27,315] [INFO ] org.hibernate.jpa.internal.util.LogHelper - HHH000204: Processing PersistenceUnitInfo [name: default]
[2023-06-30 15:23:27,427] [INFO ] org.hibernate.Version - HHH000412: Hibernate ORM core version 5.6.15.Final
[2023-06-30 15:23:27,702] [INFO ] org.hibernate.annotations.common.Version - HCANN000001: Hibernate Commons Annotations {5.1.2.Final}
[2023-06-30 15:23:29,308] [INFO ] org.hibernate.dialect.Dialect - HHH000400: Using dialect: org.hibernate.dialect.H2Dialect
[2023-06-30 15:23:31,579] [INFO ] org.springframework.boot.autoconfigure.logging.ConditionEvaluationReportLoggingListener - 

Error starting ApplicationContext. To display the conditions report re-run your application with 'debug' enabled.
[2023-06-30 15:39:48,626] [INFO ] org.springframework.boot.test.context.SpringBootTestContextBootstrapper - Neither @ContextConfiguration nor @ContextHierarchy found for test class [com.example.sbprojectex.MemberServiceTest], using SpringBootContextLoader
[2023-06-30 15:39:48,634] [INFO ] org.springframework.test.context.support.AbstractContextLoader - Could not detect default resource locations for test class [com.example.sbprojectex.MemberServiceTest]: no resource found for suffixes {-context.xml, Context.groovy}.
[2023-06-30 15:39:48,635] [INFO ] org.springframework.test.context.support.AnnotationConfigContextLoaderUtils - Could not detect default configuration classes for test class [com.example.sbprojectex.MemberServiceTest]: MemberServiceTest does not declare any static, non-private, non-final, nested classes annotated with @Configuration.
[2023-06-30 15:39:48,771] [INFO ] org.springframework.boot.test.context.SpringBootTestContextBootstrapper - Found @SpringBootConfiguration com.example.sbprojectex.SbprojectexApplication for test class com.example.sbprojectex.MemberServiceTest
[2023-06-30 15:39:48,900] [INFO ] org.springframework.boot.test.context.SpringBootTestContextBootstrapper - Loaded default TestExecutionListener class names from location [META-INF/spring.factories]: [org.springframework.boot.test.autoconfigure.restdocs.RestDocsTestExecutionListener, org.springframework.boot.test.autoconfigure.web.client.MockRestServiceServerResetTestExecutionListener, org.springframework.boot.test.autoconfigure.web.servlet.MockMvcPrintOnlyOnFailureTestExecutionListener, org.springframework.boot.test.autoconfigure.web.servlet.WebDriverTestExecutionListener, org.springframework.boot.test.autoconfigure.webservices.client.MockWebServiceServerTestExecutionListener, org.springframework.boot.test.mock.mockito.MockitoTestExecutionListener, org.springframework.boot.test.mock.mockito.ResetMocksTestExecutionListener, org.springframework.test.context.web.ServletTestExecutionListener, org.springframework.test.context.support.DirtiesContextBeforeModesTestExecutionListener, org.springframework.test.context.event.ApplicationEventsTestExecutionListener, org.springframework.test.context.support.DependencyInjectionTestExecutionListener, org.springframework.test.context.support.DirtiesContextTestExecutionListener, org.springframework.test.context.transaction.TransactionalTestExecutionListener, org.springframework.test.context.jdbc.SqlScriptsTestExecutionListener, org.springframework.test.context.event.EventPublishingTestExecutionListener]
[2023-06-30 15:39:48,930] [INFO ] org.springframework.boot.test.context.SpringBootTestContextBootstrapper - Using TestExecutionListeners: [org.springframework.test.context.web.ServletTestExecutionListener@e93f3d5, org.springframework.test.context.support.DirtiesContextBeforeModesTestExecutionListener@4cee7fa0, org.springframework.test.context.event.ApplicationEventsTestExecutionListener@7a26928a, org.springframework.boot.test.mock.mockito.MockitoTestExecutionListener@601cbd8c, org.springframework.boot.test.autoconfigure.SpringBootDependencyInjectionTestExecutionListener@7180e701, org.springframework.test.context.support.DirtiesContextTestExecutionListener@4e2c95ee, org.springframework.test.context.transaction.TransactionalTestExecutionListener@d0ec63, org.springframework.test.context.jdbc.SqlScriptsTestExecutionListener@5a5c128, org.springframework.test.context.event.EventPublishingTestExecutionListener@73eb8672, org.springframework.boot.test.autoconfigure.restdocs.RestDocsTestExecutionListener@5942ee04, org.springframework.boot.test.autoconfigure.web.client.MockRestServiceServerResetTestExecutionListener@5e76a2bb, org.springframework.boot.test.autoconfigure.web.servlet.MockMvcPrintOnlyOnFailureTestExecutionListener@757194dc, org.springframework.boot.test.autoconfigure.web.servlet.WebDriverTestExecutionListener@5a865416, org.springframework.boot.test.autoconfigure.webservices.client.MockWebServiceServerTestExecutionListener@14faa38c, org.springframework.boot.test.mock.mockito.ResetMocksTestExecutionListener@7ff2b8d2]
[2023-06-30 15:39:49,395] [INFO ] org.hibernate.validator.internal.util.Version - HV000001: Hibernate Validator 6.2.5.Final
[2023-06-30 15:39:50,790] [INFO ] org.springframework.data.repository.config.RepositoryConfigurationDelegate - Bootstrapping Spring Data JPA repositories in DEFAULT mode.
[2023-06-30 15:39:50,869] [INFO ] org.springframework.data.repository.config.RepositoryConfigurationDelegate - Finished Spring Data repository scanning in 68 ms. Found 1 JPA repository interfaces.
[2023-06-30 15:39:51,717] [INFO ] org.hibernate.jpa.internal.util.LogHelper - HHH000204: Processing PersistenceUnitInfo [name: default]
[2023-06-30 15:39:51,826] [INFO ] org.hibernate.Version - HHH000412: Hibernate ORM core version 5.6.15.Final
[2023-06-30 15:39:52,142] [INFO ] org.hibernate.annotations.common.Version - HCANN000001: Hibernate Commons Annotations {5.1.2.Final}
[2023-06-30 15:39:53,937] [INFO ] org.hibernate.dialect.Dialect - HHH000400: Using dialect: org.hibernate.dialect.H2Dialect
[2023-06-30 15:39:56,108] [INFO ] org.springframework.boot.autoconfigure.logging.ConditionEvaluationReportLoggingListener - 

Error starting ApplicationContext. To display the conditions report re-run your application with 'debug' enabled.
